<?xml version="1.0" encoding="UTF-8"?>
<testng-results ignored="0" total="1" passed="1" failed="0" skipped="0">
  <reporter-output>
  </reporter-output>
  <suite started-at="2022-05-13T12:38:38 IST" name="Default suite" finished-at="2022-05-13T12:38:38 IST" duration-ms="121">
    <groups>
    </groups>
    <test started-at="2022-05-13T12:38:38 IST" name="Default test" finished-at="2022-05-13T12:38:38 IST" duration-ms="121">
      <class name="crm.sampleframe.SampleClassTest">
        <test-method signature="createContact()[pri:0, instance:crm.sampleframe.SampleClassTest@4e7912d8]" started-at="2022-05-13T12:38:38 IST" name="createContact" finished-at="2022-05-13T12:38:38 IST" duration-ms="19" status="PASS">
          <reporter-output>
          </reporter-output>
        </test-method> <!-- createContact -->
      </class> <!-- crm.sampleframe.SampleClassTest -->
    </test> <!-- Default test -->
  </suite> <!-- Default suite -->
</testng-results>
